\BOOKMARK [0][]{chapter.1}{\376\377\0001\000\040\000\040\176\352\213\272}{}% 1
\BOOKMARK [1][]{section.1.1}{\376\377\0001\000.\0001\000\040\220\011\230\230\200\314\146\157\116\016\170\024\172\166\141\017\116\111}{chapter.1}% 2
\BOOKMARK [1][]{section.1.2}{\376\377\0001\000.\0002\000\040\126\375\121\205\131\026\170\024\172\166\163\260\162\266}{chapter.1}% 3
\BOOKMARK [1][]{section.1.3}{\376\377\0001\000.\0003\000\040\170\024\172\166\166\356\150\007\124\214\121\205\133\271}{chapter.1}% 4
\BOOKMARK [1][]{section.1.4}{\376\377\0001\000.\0004\000\040\147\054\145\207\176\304\176\307\147\266\147\204}{chapter.1}% 5
\BOOKMARK [0][]{chapter.2}{\376\377\0002\000\040\000\040\166\370\121\163\142\200\147\057\127\372\170\100}{}% 6
\BOOKMARK [1][]{section.2.1}{\376\377\0002\000.\0001\000\040\131\047\152\041\127\213\137\256\214\003\166\204\215\037\217\175\124\214\133\130\120\250\123\140\165\050}{chapter.2}% 7
\BOOKMARK [2][]{subsection.2.1.1}{\376\377\0002\000.\0001\000.\0001\000\040\131\047\152\041\127\213\137\256\214\003\142\200\147\057}{section.2.1}% 8
\BOOKMARK [2][]{subsection.2.1.2}{\376\377\0002\000.\0001\000.\0002\000\040\131\047\152\041\127\213\137\256\214\003\133\130\120\250\123\140\165\050\152\041\127\213}{section.2.1}% 9
\BOOKMARK [1][]{section.2.2}{\376\377\0002\000.\0002\000\040\131\047\152\041\127\213\137\256\214\003\166\204\133\130\173\227\214\003\136\246\142\200\147\057}{chapter.2}% 10
\BOOKMARK [2][]{subsection.2.2.1}{\376\377\0002\000.\0002\000.\0001\000\040\122\006\136\003\137\017\136\166\210\114\173\126\165\145}{section.2.2}% 11
\BOOKMARK [2][]{subsection.2.2.2}{\376\377\0002\000.\0002\000.\0002\000\040\221\315\213\241\173\227\142\200\147\057}{section.2.2}% 12
\BOOKMARK [2][]{subsection.2.2.3}{\376\377\0002\000.\0002\000.\0003\000\040\137\002\147\204\133\130\120\250\116\016\123\170\217\175\142\200\147\057}{section.2.2}% 13
\BOOKMARK [0][]{chapter.3}{\376\377\0003\000\040\000\040\174\373\176\337\213\276\213\241}{}% 14
\BOOKMARK [1][]{section.3.1}{\376\377\0003\000.\0001\000\040\133\130\173\227\214\003\136\246\174\373\176\337\166\204\213\276\213\241\122\006\147\220}{chapter.3}% 15
\BOOKMARK [1][]{section.3.2}{\376\377\0003\000.\0002\000\040\131\032\176\247\133\130\120\250\147\266\147\204\140\073\117\123\213\276\213\241}{chapter.3}% 16
\BOOKMARK [1][]{section.3.3}{\376\377\0003\000.\0003\000\040\213\241\173\227\116\016\000\040\000I\000/\000O\000\040\155\101\154\064\176\277\213\276\213\241}{chapter.3}% 17
\BOOKMARK [1][]{section.3.4}{\376\377\0003\000.\0004\000\040\000N\000P\000U\000\040\000H\000B\000M\000\040\173\241\164\006\116\016\177\023\121\262\214\003\136\246}{chapter.3}% 18
\BOOKMARK [1][]{section.3.5}{\376\377\0003\000.\0005\000\040\116\073\147\072\121\161\116\253\121\205\133\130\173\241\164\006}{chapter.3}% 19
\BOOKMARK [0][]{chapter.4}{\376\377\0004\000\040\000\040\174\373\176\337\133\236\163\260}{}% 20
\BOOKMARK [1][]{section.4.1}{\376\377\0004\000.\0001\000\040\174\373\176\337\147\266\147\204}{chapter.4}% 21
\BOOKMARK [1][]{section.4.2}{\376\377\0004\000.\0002\000\040\127\372\116\216\000\040\000p\000y\000t\000o\000r\000c\000h\000\040\000h\000o\000o\000k\000\040\147\072\122\066\166\204\123\170\217\175\173\241\164\006}{chapter.4}% 22
\BOOKMARK [1][]{section.4.3}{\376\377\0004\000.\0003\000\040\127\372\116\216\116\213\116\366\166\204\155\101\124\014\153\145\116\016\136\166\210\114\173\126\165\145\121\174\133\271\133\236\163\260}{chapter.4}% 23
\BOOKMARK [1][]{section.4.4}{\376\377\0004\000.\0004\000\040\127\372\116\216\213\276\131\007\117\247\154\350\121\214\166\204\116\073\147\072\121\205\133\130\133\236\163\260}{chapter.4}% 24
\BOOKMARK [1][]{section.4.5}{\376\377\0004\000.\0005\000\040\227\142\124\021\234\262\236\117\136\163\123\360\166\204\000\040\000C\000P\000U\000\040\000k\000e\000r\000n\000e\000l\000\040\133\236\163\260}{chapter.4}% 25
\BOOKMARK [0][]{chapter.5}{\376\377\0005\000\040\000\040\133\236\232\214\176\323\147\234\116\016\122\006\147\220}{}% 26
\BOOKMARK [1][]{section.5.1}{\376\377\0005\000.\0001\000\040\133\236\232\214\163\257\130\203\124\214\217\157\170\154\116\366\221\115\177\156}{chapter.5}% 27
\BOOKMARK [1][]{section.5.2}{\376\377\0005\000.\0002\000\040\137\256\214\003\211\304\152\041}{chapter.5}% 28
\BOOKMARK [1][]{section.5.3}{\376\377\0005\000.\0003\000\040\140\047\200\375}{chapter.5}% 29
\BOOKMARK [1][]{section.5.4}{\376\377\0005\000.\0004\000\040\155\210\207\215\133\236\232\214}{chapter.5}% 30
\BOOKMARK [2][]{subsection.5.4.1}{\376\377\0005\000.\0004\000.\0001\000\040\117\030\123\026\126\150}{section.5.4}% 31
\BOOKMARK [0][]{section*.21}{\376\377\123\302\200\003\145\207\163\056}{}% 32
