mktextfm STXingkai/OT
mktextfm STXingkai/OT
mktextfm STXingkai/OT
mktextfm STXingkai/I/OT
mktextfm STXingkai/OT
mktextfm STXingkai/BI/OT
mktextfm STXingkai/OT
mktextfm STXingkai/I/OT
mktextfm STXingkai/OT
mktextfm STXingkai/OT
mktextfm STXingkai/OT
mktextfm STXingkai/OT
mktextfm STXingkai/OT
mktextfm STXingkai/OT
mktextfm STXingkai/OT
mktextfm STXingkai/OT
mktextfm STXingkai/I/OT
mktextfm STXingkai/OT
mktextfm STXingkai/BI/OT
mktextfm STXingkai/OT
mktextfm STXingkai/I/OT
mktextfm STXingkai/OT
mktextfm STXingkai/OT
mktextfm STXingkai/OT
mktextfm STXingkai/OT
mktextfm STXingkai/OT
mktextfm STXingkai/OT
mktextfm STXingkai/OT
mktextfm STXingkai/OT
mktextfm STXingkai/I/OT
mktextfm STXingkai/OT
mktextfm STXingkai/BI/OT
mktextfm STXingkai/OT
mktextfm STXingkai/I/OT
mktextfm STXingkai/OT
mktextfm STXingkai/OT
mktextfm STXingkai/OT
mktextfm STXingkai/OT
mktextfm STXingkai/OT
mktextfm STXingkai/OT
mktextfm STXingkai/OT
mktextfm STXingkai/OT
mktextfm STXingkai/I/OT
mktextfm STXingkai/OT
mktextfm STXingkai/BI/OT
mktextfm STXingkai/OT
mktextfm STXingkai/I/OT
mktextfm STXingkai/OT
mktextfm STXingkai/OT
mktextfm STXingkai/OT
mktextfm STXingkai/OT
mktextfm STXingkai/OT
mktextfm STXingkai/OT
mktextfm STXingkai/OT
mktextfm STXingkai/OT
mktextfm STXingkai/I/OT
mktextfm STXingkai/OT
mktextfm STXingkai/BI/OT
mktextfm STXingkai/OT
mktextfm STXingkai/I/OT
mktextfm STXingkai/OT
mktextfm STXingkai/OT
mktextfm STXingkai/OT
mktextfm STXingkai/OT
mktextfm STXingkai/OT
mktextfm STXingkai/OT
mktextfm STXingkai/OT
mktextfm STXingkai/OT
mktextfm STXingkai/I/OT
mktextfm STXingkai/OT
mktextfm STXingkai/BI/OT
mktextfm STXingkai/OT
mktextfm STXingkai/I/OT
mktextfm STXingkai/OT
mktextfm STXingkai/OT
mktextfm STXingkai/OT
mktextfm STXingkai/OT
mktextfm STXingkai/OT
mktextfm STXingkai
mktextfm STKaiti
mktextfm STXingkai
mktextfm STKaiti
mktextfm STXingkai
mktextfm STKaiti
mktextfm STXingkai
mktextfm STKaiti
mktextfm STXingkai
mktextfm STKaiti
mktextfm STXingkai
mktextfm STKaiti
mktextfm STXingkai
mktextfm STKaiti
mktextfm STXingkai
mktextfm STKaiti
mktextfm STXingkai
mktextfm STKaiti
mktextfm STXingkai
mktextfm STKaiti
mktextfm STXingkai
mktextfm STKaiti
mktextfm STXingkai
mktextfm STKaiti
mktextfm STXingkai
mktextfm STKaiti
mktextfm STXingkai
mktextfm STKaiti
mktextfm STXingkai
mktextfm STKaiti
mktextfm STXingkai
mktextfm STKaiti
mktextfm STXingkai
mktextfm STKaiti
mktextfm STXingkai
mktextfm STKaiti
mktextfm STXingkai
mktextfm STKaiti
mktextfm STXingkai
mktextfm STKaiti
mktextfm STXingkai
mktextfm STKaiti
mktextfm STXingkai
mktextfm STKaiti
mktextfm STXingkai
mktextfm STKaiti
mktextfm STXingkai
mktextfm STKaiti
mktextfm STXingkai
mktextfm STKaiti
mktextfm STXingkai
mktextfm STKaiti
mktextfm STXingkai
mktextfm STKaiti
mktextfm STXingkai
mktextfm STKaiti
mktextfm STXingkai
mktextfm STKaiti
mktextfm STXingkai
mktextfm STKaiti
mktextfm STXingkai
mktextfm STKaiti
mktextfm STXingkai
mktextfm STKaiti
mktextfm STXingkai
mktextfm STKaiti
mktextfm STXingkai
mktextfm STKaiti
mktextfm STXingkai
mktextfm STKaiti
mktextfm STXingkai
mktextfm STKaiti
mktextfm STXingkai
mktextfm STKaiti
mktextfm STXingkai
mktextfm STKaiti
mktextfm STXingkai
mktextfm STKaiti
mktextfm STXingkai
mktextfm STKaiti
mktextfm STXingkai
mktextfm STKaiti
mktextfm STXingkai
mktextfm STKaiti
mktextfm STXingkai
mktextfm STKaiti
mktextfm STXingkai
mktextfm STKaiti
mktextfm STXingkai
mktextfm STKaiti
mktextfm STXingkai
mktextfm STKaiti
mktextfm STXingkai
mktextfm STKaiti
