\BOOKMARK [0][]{chapter.1}{\376\377\0001\000\040\000\040\173\200\116\313}{}% 1
\BOOKMARK [1][]{section.1.1}{\376\377\0001\000.\0001\000\040\230\171\166\356\213\364\146\016}{chapter.1}% 2
\BOOKMARK [1][]{section.1.2}{\376\377\0001\000.\0002\000\040\166\370\121\163\117\341\140\157}{chapter.1}% 3
\BOOKMARK [2][]{subsection.1.2.1}{\376\377\0001\000.\0002\000.\0001\000\040\152\041\147\177\176\364\142\244\123\312\200\124\174\373\145\271\137\017}{section.1.2}% 4
\BOOKMARK [2][]{subsection.1.2.2}{\376\377\0001\000.\0002\000.\0002\000\040\116\343\170\001\142\130\173\241\123\312\166\370\121\163\230\165\227\142}{section.1.2}% 5
\BOOKMARK [2][]{subsection.1.2.3}{\376\377\0001\000.\0002\000.\0003\000\040\215\041\163\056\200\005}{section.1.2}% 6
\BOOKMARK [2][]{subsection.1.2.4}{\376\377\0001\000.\0002\000.\0004\000\040\230\171\166\356\123\117\213\256}{section.1.2}% 7
\BOOKMARK [1][]{section.1.3}{\376\377\0001\000.\0003\000\040\121\115\215\043\130\360\146\016}{chapter.1}% 8
\BOOKMARK [1][]{section.1.4}{\376\377\0001\000.\0004\000\040\162\110\147\054\123\206\123\362}{chapter.1}% 9
\BOOKMARK [0][]{chapter.2}{\376\377\0002\000\040\000\040\163\257\130\203\221\115\177\156}{}% 10
\BOOKMARK [1][]{section.2.1}{\376\377\0002\000.\0001\000\040\000C\000T\000e\000X\131\127\210\305\000\040\000[\000W\000i\000n\000d\000o\000w\000s\000\040\000O\000n\000l\000y\000]}{chapter.2}% 11
\BOOKMARK [1][]{section.2.2}{\376\377\0002\000.\0002\000\040\000T\000e\000X\000L\000i\000v\000e\000\040\000[\000\040\000W\000i\000n\000d\000o\000w\000s\000\040\000\046\000\040\000L\000i\000n\000u\000x\000\040\000]}{chapter.2}% 12
\BOOKMARK [1][]{section.2.3}{\376\377\0002\000.\0003\000\040\000M\000a\000c\000T\000e\000X\000\040\000[\000\040\000M\000a\000c\000\040\000]}{chapter.2}% 13
\BOOKMARK [1][]{section.2.4}{\376\377\0002\000.\0004\000\040\121\174\133\271\140\047}{chapter.2}% 14
\BOOKMARK [1][]{section.2.5}{\376\377\0002\000.\0005\000\040\133\211\210\305\133\127\117\123\000\040\000[\000\040\000L\000i\000n\000u\000x\000\040\000]}{chapter.2}% 15
\BOOKMARK [1][]{section.2.6}{\376\377\0002\000.\0006\000\040\121\163\116\216\177\026\217\221\126\150}{chapter.2}% 16
\BOOKMARK [1][]{section.2.7}{\376\377\0002\000.\0007\000\040\121\163\116\216\177\026\213\321}{chapter.2}% 17
\BOOKMARK [2][]{subsection.2.7.1}{\376\377\0002\000.\0007\000.\0001\000\040\142\171\131\004\164\006\000\040\000[\000\040\000W\000i\000n\000d\000o\000w\000s\000\040\000o\000n\000l\000y\000\040\000]}{section.2.7}% 18
\BOOKMARK [2][]{subsection.2.7.2}{\376\377\0002\000.\0007\000.\0002\000\040\000M\000a\000k\000e\000f\000i\000l\000e\000\040\000[\000\040\000W\000i\000n\000d\000o\000w\000s\000\050\000c\000y\000g\000w\000i\000n\000\051\000\040\000/\000\040\000L\000i\000n\000u\000x\000\040\000/\000\040\000M\000a\000c\000O\000S\000\040\000]}{section.2.7}% 19
\BOOKMARK [0][]{chapter.3}{\376\377\0003\000\040\000\040\116\013\217\175}{}% 20
\BOOKMARK [1][]{section.3.1}{\376\377\0003\000.\0001\000\040\123\321\210\114\162\110\147\054}{chapter.3}% 21
\BOOKMARK [1][]{section.3.2}{\376\377\0003\000.\0002\000\040\137\000\123\321\162\110\147\054}{chapter.3}% 22
\BOOKMARK [2][]{subsection.3.2.1}{\376\377\0003\000.\0002\000.\0001\000\040\116\013\217\175\145\271\154\325}{section.3.2}% 23
\BOOKMARK [2][]{subsection.3.2.2}{\376\377\0003\000.\0002\000.\0002\000\040\146\364\145\260\145\271\154\325}{section.3.2}% 24
\BOOKMARK [1][]{section.3.3}{\376\377\0003\000.\0003\000\040\166\356\137\125\176\323\147\204}{chapter.3}% 25
\BOOKMARK [0][]{chapter.4}{\376\377\0004\000\040\000\040\000L\000a\000T\000e\000X\127\372\170\100\167\345\213\306}{}% 26
\BOOKMARK [1][]{section.4.1}{\376\377\0004\000.\0001\000\040\000L\000a\000T\000e\000X\166\204\117\030\122\277}{chapter.4}% 27
\BOOKMARK [2][]{subsection.4.1.1}{\376\377\0004\000.\0001\000.\0001\000\040\150\067\137\017\150\074\137\017}{section.4.1}% 28
\BOOKMARK [2][]{subsection.4.1.2}{\376\377\0004\000.\0001\000.\0002\000\040\162\110\147\054\173\241\164\006}{section.4.1}% 29
\BOOKMARK [1][]{section.4.2}{\376\377\0004\000.\0002\000\040\133\127\117\123}{chapter.4}% 30
\BOOKMARK [1][]{section.4.3}{\376\377\0004\000.\0003\000\040\162\171\153\212\173\046\123\367}{chapter.4}% 31
\BOOKMARK [1][]{section.4.4}{\376\377\0004\000.\0004\000\040\225\177\136\246\123\125\117\115\124\214\124\175\116\344}{chapter.4}% 32
\BOOKMARK [1][]{section.4.5}{\376\377\0004\000.\0005\000\040\172\172\150\074\060\001\143\142\210\114\116\016\122\006\153\265}{chapter.4}% 33
\BOOKMARK [1][]{section.4.6}{\376\377\0004\000.\0006\000\040\150\007\173\176\124\214\137\025\165\050}{chapter.4}% 34
\BOOKMARK [1][]{section.4.7}{\376\377\0004\000.\0007\000\040\172\340\060\001\202\202\060\001\147\141\060\001\153\076\060\001\230\171}{chapter.4}% 35
\BOOKMARK [2][]{subsection.4.7.1}{\376\377\0004\000.\0007\000.\0001\000\040\172\340\060\001\202\202\060\001\147\141}{section.4.7}% 36
\BOOKMARK [2][]{subsection.4.7.2}{\376\377\0004\000.\0007\000.\0002\000\040\153\076\060\001\230\171}{section.4.7}% 37
\BOOKMARK [1][]{section.4.8}{\376\377\0004\000.\0008\000\040\126\376\137\142}{chapter.4}% 38
\BOOKMARK [1][]{section.4.9}{\376\377\0004\000.\0009\000\040\210\150\150\074}{chapter.4}% 39
\BOOKMARK [2][]{subsection.4.9.1}{\376\377\0004\000.\0009\000.\0001\000\040\155\156\122\250\163\257\130\203}{section.4.9}% 40
\BOOKMARK [2][]{subsection.4.9.2}{\376\377\0004\000.\0009\000.\0002\000\040\116\011\176\277\210\150\150\074}{section.4.9}% 41
\BOOKMARK [2][]{subsection.4.9.3}{\376\377\0004\000.\0009\000.\0003\000\040\122\027\124\010\136\166\124\214\210\114\124\010\136\166}{section.4.9}% 42
\BOOKMARK [1][]{section.4.10}{\376\377\0004\000.\0001\0000\000\040\145\160\133\146\121\154\137\017}{chapter.4}% 43
\BOOKMARK [1][]{section.4.11}{\376\377\0004\000.\0001\0001\000\040\117\177\165\050\000l\000i\000s\000t\000i\000n\000g\000s\146\076\171\072\116\343\170\001}{chapter.4}% 44
\BOOKMARK [1][]{section.4.12}{\376\377\0004\000.\0001\0002\000\040\146\364\131\015\147\102\166\204\144\315\117\134}{chapter.4}% 45
\BOOKMARK [2][]{subsection.4.12.1}{\376\377\0004\000.\0001\0002\000.\0001\000\040\131\032\126\376\143\222\122\027}{section.4.12}% 46
\BOOKMARK [2][]{subsection.4.12.2}{\376\377\0004\000.\0001\0002\000.\0002\000\040\126\376\137\142\210\150\150\074\173\111\155\367\143\222}{section.4.12}% 47
\BOOKMARK [2][]{subsection.4.12.3}{\376\377\0004\000.\0001\0002\000.\0003\000\040\225\177\210\150\150\074}{section.4.12}% 48
\BOOKMARK [2][]{subsection.4.12.4}{\376\377\0004\000.\0001\0002\000.\0004\000\040\133\232\164\006\133\232\116\111\163\257\130\203}{section.4.12}% 49
\BOOKMARK [0][]{chapter.5}{\376\377\0005\000\040\000\040\117\177\165\050\213\364\146\016}{}% 50
\BOOKMARK [1][]{section.5.1}{\376\377\0005\000.\0001\000\040\127\372\147\054\203\003\117\213}{chapter.5}% 51
\BOOKMARK [1][]{section.5.2}{\376\377\0005\000.\0002\000\040\152\041\147\177\220\011\230\171}{chapter.5}% 52
\BOOKMARK [2][]{subsection.5.2.1}{\376\377\0005\000.\0002\000.\0001\000\040\133\146\117\115\220\011\230\171}{section.5.2}% 53
\BOOKMARK [2][]{subsection.5.2.2}{\376\377\0005\000.\0002\000.\0002\000\040\121\166\116\326\220\011\230\171}{section.5.2}% 54
\BOOKMARK [1][]{section.5.3}{\376\377\0005\000.\0003\000\040\134\001\227\142\123\312\153\143\145\207\122\115\166\204\116\000\116\233\213\276\177\156}{chapter.5}% 55
\BOOKMARK [2][]{subsection.5.3.1}{\376\377\0005\000.\0003\000.\0001\000\040\134\001\227\142}{section.5.3}% 56
\BOOKMARK [2][]{subsection.5.3.2}{\376\377\0005\000.\0003\000.\0002\000\040\116\055\202\361\145\207\144\130\211\201}{section.5.3}% 57
\BOOKMARK [2][]{subsection.5.3.3}{\376\377\0005\000.\0003\000.\0003\000\040\166\356\137\125}{section.5.3}% 58
\BOOKMARK [1][]{section.5.4}{\376\377\0005\000.\0004\000\040\153\143\145\207}{chapter.5}% 59
\BOOKMARK [2][]{subsection.5.4.1}{\376\377\0005\000.\0004\000.\0001\000\040\172\340\202\202}{section.5.4}% 60
\BOOKMARK [2][]{subsection.5.4.2}{\376\377\0005\000.\0004\000.\0002\000\040\123\302\200\003\145\207\163\056}{section.5.4}% 61
\BOOKMARK [1][]{section.5.5}{\376\377\0005\000.\0005\000\040\153\143\145\207\116\113\124\016\166\204\121\205\133\271}{chapter.5}% 62
\BOOKMARK [2][]{subsection.5.5.1}{\376\377\0005\000.\0005\000.\0001\000\040\226\104\137\125}{section.5.5}% 63
\BOOKMARK [2][]{subsection.5.5.2}{\376\377\0005\000.\0005\000.\0002\000\040\145\073\213\373\170\125\130\353\000/\123\132\130\353\147\037\225\364\142\100\123\326\137\227\166\204\170\024\172\166\000/\133\146\147\057\142\020\147\234\377\010\170\024\172\166\165\037\377\011}{section.5.5}% 64
\BOOKMARK [2][]{subsection.5.5.3}{\376\377\0005\000.\0005\000.\0003\000\040\201\364\214\042}{section.5.5}% 65
\BOOKMARK [2][]{subsection.5.5.4}{\376\377\0005\000.\0005\000.\0004\000\040\117\134\200\005\173\200\116\313\377\010\123\132\130\353\170\024\172\166\165\037\377\011}{section.5.5}% 66
\BOOKMARK [0][]{chapter.6}{\376\377\0006\000\040\000\040\152\041\147\177\116\343\170\001\133\236\163\260}{}% 67
\BOOKMARK [0][]{chapter*.12}{\376\377\176\323\213\272}{}% 68
\BOOKMARK [0][]{section*.13}{\376\377\123\302\200\003\145\207\163\056}{}% 69
